#
# There is insufficient memory for the Java Runtime Environment to continue.
# Native memory allocation (malloc) failed to allocate 1067216 bytes for Chunk::new
# Possible reasons:
#   The system is out of physical RAM or swap space
#   The process is running with CompressedOops enabled, and the Java Heap may be blocking the growth of the native heap
# Possible solutions:
#   Reduce memory load on the system
#   Increase physical memory or swap space
#   Check if swap backing store is full
#   Decrease Java heap size (-Xmx/-Xms)
#   Decrease number of Java threads
#   Decrease Java thread stack sizes (-Xss)
#   Set larger code cache with -XX:ReservedCodeCacheSize=
#   JVM is running with Unscaled Compressed Oops mode in which the Java heap is
#     placed in the first 4GB address space. The Java Heap base address is the
#     maximum limit for the native heap growth. Please use -XX:HeapBaseMinAddress
#     to set the Java Heap base and to place the Java Heap above 4GB virtual address.
# This output file may be truncated or incomplete.
#
#  Out of Memory Error (./src/hotspot/share/memory/arena.cpp:197), pid=34792, tid=35552
#
# JRE version: OpenJDK Runtime Environment (11.0.13) (build 11.0.13+0-b1751.21-8125866)
# Java VM: OpenJDK 64-Bit Server VM (11.0.13+0-b1751.21-8125866, mixed mode, tiered, compressed oops, g1 gc, windows-amd64)
# No core dump will be written. Minidumps are not enabled by default on client versions of Windows
#

---------------  S U M M A R Y ------------

Command Line: --add-opens=java.base/java.util=ALL-UNNAMED --add-opens=java.base/java.lang=ALL-UNNAMED --add-opens=java.base/java.lang.invoke=ALL-UNNAMED --add-opens=java.base/java.util=ALL-UNNAMED --add-opens=java.prefs/java.util.prefs=ALL-UNNAMED --add-opens=java.prefs/java.util.prefs=ALL-UNNAMED --add-opens=java.base/java.nio.charset=ALL-UNNAMED --add-opens=java.base/java.net=ALL-UNNAMED --add-opens=java.base/java.util.concurrent.atomic=ALL-UNNAMED -Xmx1536M -Dfile.encoding=windows-1252 -Duser.country=US -Duser.language=en -Duser.variant org.gradle.launcher.daemon.bootstrap.GradleDaemon 7.5

Host: AMD Ryzen 7 5800H with Radeon Graphics         , 16 cores, 15G,  Windows 11 , 64 bit Build 22621 (10.0.22621.2070)
Time: Sun Sep 17 20:24:26 2023 SE Asia Standard Time elapsed time: 4.644690 seconds (0d 0h 0m 4s)

---------------  T H R E A D  ---------------

Current thread (0x000001acc3f37000):  JavaThread "C2 CompilerThread1" daemon [_thread_in_native, id=35552, stack(0x0000005688d00000,0x0000005688e00000)]


Current CompileTask:
C2:   4644 3519       4       java.util.regex.Pattern::compile (498 bytes)

Stack: [0x0000005688d00000,0x0000005688e00000]
Native frames: (J=compiled Java code, j=interpreted, Vv=VM code, C=native code)
V  [jvm.dll+0x6100fa]
V  [jvm.dll+0x747090]
V  [jvm.dll+0x7486ad]
V  [jvm.dll+0x748d83]
V  [jvm.dll+0x24ab48]
V  [jvm.dll+0xc04dc]
V  [jvm.dll+0xc0a0c]
V  [jvm.dll+0x35eb5b]
V  [jvm.dll+0x32b833]
V  [jvm.dll+0x32ad2a]
V  [jvm.dll+0x2032b2]
V  [jvm.dll+0x202437]
V  [jvm.dll+0x188e01]
V  [jvm.dll+0x21106b]
V  [jvm.dll+0x20f8c1]
V  [jvm.dll+0x70de0f]
V  [jvm.dll+0x706a75]
V  [jvm.dll+0x60ed66]
C  [ucrtbase.dll+0x29363]
C  [KERNEL32.DLL+0x126ad]
C  [ntdll.dll+0x5aa68]


---------------  P R O C E S S  ---------------

Threads class SMR info:
_java_thread_list=0x000001acc6bd5ad0, length=38, elements={
0x000001aca4dc0000, 0x000001acc1268000, 0x000001acc1275800, 0x000001acc12c5800,
0x000001acc12c7000, 0x000001acc12cc800, 0x000001acc12cd800, 0x000001acc12d4800,
0x000001acc12e6000, 0x000001acc142e800, 0x000001acc1449800, 0x000001acc2532000,
0x000001acc1f7d800, 0x000001acc3895800, 0x000001acc15b2800, 0x000001acc3529000,
0x000001acc2efe800, 0x000001acc3436800, 0x000001acc316e800, 0x000001acc32a6800,
0x000001acc32a7000, 0x000001acc29cb800, 0x000001acc39a4800, 0x000001acc329f000,
0x000001acc32a2800, 0x000001acc32a3000, 0x000001acc3f37000, 0x000001acc3f14000,
0x000001acc32a0800, 0x000001acc32a1800, 0x000001acc32a4000, 0x000001acc329e800,
0x000001acc32a5000, 0x000001acc32a0000, 0x000001acc2501000, 0x000001acc24ff000,
0x000001acc4d8f800, 0x000001acc3521800
}

Java Threads: ( => current thread )
  0x000001aca4dc0000 JavaThread "main" [_thread_blocked, id=11216, stack(0x0000005685e00000,0x0000005685f00000)]
  0x000001acc1268000 JavaThread "Reference Handler" daemon [_thread_blocked, id=4592, stack(0x0000005686500000,0x0000005686600000)]
  0x000001acc1275800 JavaThread "Finalizer" daemon [_thread_blocked, id=19976, stack(0x0000005686600000,0x0000005686700000)]
  0x000001acc12c5800 JavaThread "Signal Dispatcher" daemon [_thread_blocked, id=18716, stack(0x0000005686700000,0x0000005686800000)]
  0x000001acc12c7000 JavaThread "Attach Listener" daemon [_thread_blocked, id=32636, stack(0x0000005686800000,0x0000005686900000)]
  0x000001acc12cc800 JavaThread "Service Thread" daemon [_thread_blocked, id=5568, stack(0x0000005686900000,0x0000005686a00000)]
  0x000001acc12cd800 JavaThread "C2 CompilerThread0" daemon [_thread_in_native, id=32604, stack(0x0000005686a00000,0x0000005686b00000)]
  0x000001acc12d4800 JavaThread "C1 CompilerThread0" daemon [_thread_blocked, id=34288, stack(0x0000005686b00000,0x0000005686c00000)]
  0x000001acc12e6000 JavaThread "Sweeper thread" daemon [_thread_blocked, id=11284, stack(0x0000005686c00000,0x0000005686d00000)]
  0x000001acc142e800 JavaThread "C1 CompilerThread1" daemon [_thread_blocked, id=8156, stack(0x0000005686d00000,0x0000005686e00000)]
  0x000001acc1449800 JavaThread "Common-Cleaner" daemon [_thread_blocked, id=30624, stack(0x0000005686e00000,0x0000005686f00000)]
  0x000001acc2532000 JavaThread "C1 CompilerThread2" daemon [_thread_blocked, id=11908, stack(0x0000005687200000,0x0000005687300000)]
  0x000001acc1f7d800 JavaThread "C1 CompilerThread3" daemon [_thread_blocked, id=35400, stack(0x0000005687300000,0x0000005687400000)]
  0x000001acc3895800 JavaThread "Daemon health stats" [_thread_blocked, id=35660, stack(0x0000005687800000,0x0000005687900000)]
  0x000001acc15b2800 JavaThread "Incoming local TCP Connector on port 61832" [_thread_in_native, id=14312, stack(0x0000005687000000,0x0000005687100000)]
  0x000001acc3529000 JavaThread "Daemon periodic checks" [_thread_blocked, id=29128, stack(0x0000005687100000,0x0000005687200000)]
  0x000001acc2efe800 JavaThread "Daemon" [_thread_blocked, id=11472, stack(0x0000005687900000,0x0000005687a00000)]
  0x000001acc3436800 JavaThread "Handler for socket connection from /127.0.0.1:61832 to /127.0.0.1:61835" [_thread_in_native, id=25812, stack(0x0000005687a00000,0x0000005687b00000)]
  0x000001acc316e800 JavaThread "Cancel handler" [_thread_blocked, id=16632, stack(0x0000005687b00000,0x0000005687c00000)]
  0x000001acc32a6800 JavaThread "Daemon worker" [_thread_in_vm, id=2676, stack(0x0000005687c00000,0x0000005687d00000)]
  0x000001acc32a7000 JavaThread "Asynchronous log dispatcher for DefaultDaemonConnection: socket connection from /127.0.0.1:61832 to /127.0.0.1:61835" [_thread_blocked, id=29276, stack(0x0000005687d00000,0x0000005687e00000)]
  0x000001acc29cb800 JavaThread "Stdin handler" [_thread_blocked, id=11828, stack(0x0000005687e00000,0x0000005687f00000)]
  0x000001acc39a4800 JavaThread "Daemon client event forwarder" [_thread_blocked, id=27436, stack(0x0000005687f00000,0x0000005688000000)]
  0x000001acc329f000 JavaThread "Cache worker for journal cache (C:\Users\ardir\.gradle\caches\journal-1)" [_thread_blocked, id=3776, stack(0x0000005688000000,0x0000005688100000)]
  0x000001acc32a2800 JavaThread "File lock request listener" [_thread_in_native, id=22612, stack(0x0000005688100000,0x0000005688200000)]
  0x000001acc32a3000 JavaThread "Cache worker for file hash cache (C:\Users\ardir\.gradle\caches\7.5\fileHashes)" [_thread_blocked, id=13824, stack(0x0000005688200000,0x0000005688300000)]
=>0x000001acc3f37000 JavaThread "C2 CompilerThread1" daemon [_thread_in_native, id=35552, stack(0x0000005688d00000,0x0000005688e00000)]
  0x000001acc3f14000 JavaThread "C2 CompilerThread2" daemon [_thread_in_native, id=36500, stack(0x0000005688e00000,0x0000005688f00000)]
  0x000001acc32a0800 JavaThread "File watcher server" daemon [_thread_in_native, id=13144, stack(0x0000005688f00000,0x0000005689000000)]
  0x000001acc32a1800 JavaThread "File watcher consumer" daemon [_thread_blocked, id=26388, stack(0x0000005689000000,0x0000005689100000)]
  0x000001acc32a4000 JavaThread "Cache worker for checksums cache (C:\Daily\dev\Pribadi\Lokadata.id\assessment_mobile\android\.gradle\7.5\checksums)" [_thread_blocked, id=20096, stack(0x0000005689100000,0x0000005689200000)]
  0x000001acc329e800 JavaThread "Cache worker for cache directory md-rule (C:\Users\ardir\.gradle\caches\7.5\md-rule)" [_thread_blocked, id=31992, stack(0x0000005689200000,0x0000005689300000)]
  0x000001acc32a5000 JavaThread "Cache worker for file content cache (C:\Users\ardir\.gradle\caches\7.5\fileContent)" [_thread_blocked, id=18508, stack(0x0000005689300000,0x0000005689400000)]
  0x000001acc32a0000 JavaThread "Cache worker for file hash cache (C:\Daily\dev\Pribadi\Lokadata.id\assessment_mobile\android\.gradle\7.5\fileHashes)" [_thread_blocked, id=35280, stack(0x0000005689400000,0x0000005689500000)]
  0x000001acc2501000 JavaThread "Cache worker for cache directory md-supplier (C:\Users\ardir\.gradle\caches\7.5\md-supplier)" [_thread_blocked, id=6376, stack(0x0000005689500000,0x0000005689600000)]
  0x000001acc24ff000 JavaThread "Cache worker for execution history cache (C:\Users\ardir\.gradle\caches\7.5\executionHistory)" [_thread_blocked, id=34484, stack(0x0000005689600000,0x0000005689700000)]
  0x000001acc4d8f800 JavaThread "C2 CompilerThread3" daemon [_thread_blocked, id=36080, stack(0x0000005689700000,0x0000005689800000)]
  0x000001acc3521800 JavaThread "C2 CompilerThread4" daemon [_thread_in_native, id=14928, stack(0x0000005689800000,0x0000005689900000)]

Other Threads:
  0x000001acc1263800 VMThread "VM Thread" [stack: 0x0000005686400000,0x0000005686500000] [id=24480]
  0x000001acc1480000 WatcherThread [stack: 0x0000005686f00000,0x0000005687000000] [id=15416]
  0x000001aca4dda000 GCTaskThread "GC Thread#0" [stack: 0x0000005685f00000,0x0000005686000000] [id=13004]
  0x000001acc2622000 GCTaskThread "GC Thread#1" [stack: 0x0000005687400000,0x0000005687500000] [id=5644]
  0x000001acc2ac6800 GCTaskThread "GC Thread#2" [stack: 0x0000005687500000,0x0000005687600000] [id=26180]
  0x000001acc1def800 GCTaskThread "GC Thread#3" [stack: 0x0000005687600000,0x0000005687700000] [id=23456]
  0x000001acc1b79000 GCTaskThread "GC Thread#4" [stack: 0x0000005687700000,0x0000005687800000] [id=7792]
  0x000001acc2ba7800 GCTaskThread "GC Thread#5" [stack: 0x0000005688300000,0x0000005688400000] [id=7600]
  0x000001acc2ba6800 GCTaskThread "GC Thread#6" [stack: 0x0000005688400000,0x0000005688500000] [id=21228]
  0x000001acc2bac800 GCTaskThread "GC Thread#7" [stack: 0x0000005688500000,0x0000005688600000] [id=34540]
  0x000001acc2bab800 GCTaskThread "GC Thread#8" [stack: 0x0000005688600000,0x0000005688700000] [id=8460]
  0x000001acc2bad000 GCTaskThread "GC Thread#9" [stack: 0x0000005688700000,0x0000005688800000] [id=35892]
  0x000001acc2ba8000 GCTaskThread "GC Thread#10" [stack: 0x0000005688800000,0x0000005688900000] [id=33052]
  0x000001acc2ba9800 GCTaskThread "GC Thread#11" [stack: 0x0000005688900000,0x0000005688a00000] [id=13732]
  0x000001acc2baa000 GCTaskThread "GC Thread#12" [stack: 0x0000005688a00000,0x0000005688b00000] [id=16288]
  0x000001aca4e02800 ConcurrentGCThread "G1 Main Marker" [stack: 0x0000005686000000,0x0000005686100000] [id=20192]
  0x000001aca4e03800 ConcurrentGCThread "G1 Conc#0" [stack: 0x0000005686100000,0x0000005686200000] [id=19776]
  0x000001acc2bae000 ConcurrentGCThread "G1 Conc#1" [stack: 0x0000005688b00000,0x0000005688c00000] [id=28140]
  0x000001acc2ba9000 ConcurrentGCThread "G1 Conc#2" [stack: 0x0000005688c00000,0x0000005688d00000] [id=15672]
  0x000001acc08a7000 ConcurrentGCThread "G1 Refine#0" [stack: 0x0000005686200000,0x0000005686300000] [id=21972]
  0x000001acc08a8000 ConcurrentGCThread "G1 Young RemSet Sampling" [stack: 0x0000005686300000,0x0000005686400000] [id=31820]

Threads with active compile tasks:
C2 CompilerThread0   4669 3588       4       java.net.URLStreamHandler::toExternalForm (156 bytes)
C2 CompilerThread1   4669 3519       4       java.util.regex.Pattern::compile (498 bytes)
C2 CompilerThread2   4669 3590       4       sun.net.util.URLUtil::urlNoFragString (114 bytes)
C2 CompilerThread4   4669 3204       4       java.lang.invoke.MethodType::makeImpl (108 bytes)

VM state:not at safepoint (normal execution)

VM Mutex/Monitor currently owned by a thread: None

Heap address: 0x00000000a0000000, size: 1536 MB, Compressed Oops mode: 32-bit
Narrow klass base: 0x0000000000000000, Narrow klass shift: 3
Compressed class space size: 1073741824 Address: 0x0000000100000000

Heap:
 garbage-first heap   total 251904K, used 55939K [0x00000000a0000000, 0x0000000100000000)
  region size 1024K, 40 young (40960K), 6 survivors (6144K)
 Metaspace       used 38256K, capacity 39171K, committed 39376K, reserved 1083392K
  class space    used 4873K, capacity 5240K, committed 5248K, reserved 1048576K
Heap Regions: E=young(eden), S=young(survivor), O=old, HS=humongous(starts), HC=humongous(continues), CS=collection set, F=free, A=archive, TAMS=top-at-mark-start (previous, next)
|   0|0x00000000a0000000, 0x00000000a0100000, 0x00000000a0100000|100%| O|  |TAMS 0x00000000a0100000, 0x00000000a0000000| Untracked 
|   1|0x00000000a0100000, 0x00000000a0200000, 0x00000000a0200000|100%| O|  |TAMS 0x00000000a0200000, 0x00000000a0100000| Untracked 
|   2|0x00000000a0200000, 0x00000000a0300000, 0x00000000a0300000|100%| O|  |TAMS 0x00000000a0300000, 0x00000000a0200000| Untracked 
|   3|0x00000000a0300000, 0x00000000a0400000, 0x00000000a0400000|100%|HS|  |TAMS 0x00000000a0400000, 0x00000000a0300000| Complete 
|   4|0x00000000a0400000, 0x00000000a0500000, 0x00000000a0500000|100%|HC|  |TAMS 0x00000000a0500000, 0x00000000a0400000| Complete 
|   5|0x00000000a0500000, 0x00000000a0600000, 0x00000000a0600000|100%|HC|  |TAMS 0x00000000a0600000, 0x00000000a0500000| Complete 
|   6|0x00000000a0600000, 0x00000000a0700000, 0x00000000a0700000|100%| O|  |TAMS 0x00000000a0700000, 0x00000000a0600000| Untracked 
|   7|0x00000000a0700000, 0x00000000a0800000, 0x00000000a0800000|100%| O|  |TAMS 0x00000000a0800000, 0x00000000a0700000| Untracked 
|   8|0x00000000a0800000, 0x00000000a0900000, 0x00000000a0900000|100%| O|  |TAMS 0x00000000a0900000, 0x00000000a0800000| Untracked 
|   9|0x00000000a0900000, 0x00000000a0a00000, 0x00000000a0a00000|100%| O|  |TAMS 0x00000000a0a00000, 0x00000000a0900000| Untracked 
|  10|0x00000000a0a00000, 0x00000000a0b00000, 0x00000000a0b00000|100%| O|  |TAMS 0x00000000a0b00000, 0x00000000a0a00000| Untracked 
|  11|0x00000000a0b00000, 0x00000000a0c00000, 0x00000000a0c00000|100%| O|  |TAMS 0x00000000a0c00000, 0x00000000a0b00000| Untracked 
|  12|0x00000000a0c00000, 0x00000000a0d00000, 0x00000000a0d00000|100%| O|  |TAMS 0x00000000a0d00000, 0x00000000a0c00000| Untracked 
|  13|0x00000000a0d00000, 0x00000000a0e00000, 0x00000000a0e00000|100%| O|  |TAMS 0x00000000a0e00000, 0x00000000a0d00000| Untracked 
|  14|0x00000000a0e00000, 0x00000000a0f00000, 0x00000000a0f00000|100%| O|  |TAMS 0x00000000a0f00000, 0x00000000a0e00000| Untracked 
|  15|0x00000000a0f00000, 0x00000000a1000000, 0x00000000a1000000|100%| O|  |TAMS 0x00000000a1000000, 0x00000000a0f00000| Untracked 
|  16|0x00000000a1000000, 0x00000000a1066200, 0x00000000a1100000| 39%| O|  |TAMS 0x00000000a1066200, 0x00000000a1000000| Untracked 
|  17|0x00000000a1100000, 0x00000000a1100000, 0x00000000a1200000|  0%| F|  |TAMS 0x00000000a1100000, 0x00000000a1100000| Untracked 
|  18|0x00000000a1200000, 0x00000000a1200000, 0x00000000a1300000|  0%| F|  |TAMS 0x00000000a1200000, 0x00000000a1200000| Untracked 
|  19|0x00000000a1300000, 0x00000000a1300000, 0x00000000a1400000|  0%| F|  |TAMS 0x00000000a1300000, 0x00000000a1300000| Untracked 
|  20|0x00000000a1400000, 0x00000000a1400000, 0x00000000a1500000|  0%| F|  |TAMS 0x00000000a1400000, 0x00000000a1400000| Untracked 
|  21|0x00000000a1500000, 0x00000000a1500000, 0x00000000a1600000|  0%| F|  |TAMS 0x00000000a1500000, 0x00000000a1500000| Untracked 
|  22|0x00000000a1600000, 0x00000000a1600000, 0x00000000a1700000|  0%| F|  |TAMS 0x00000000a1600000, 0x00000000a1600000| Untracked 
|  23|0x00000000a1700000, 0x00000000a1700000, 0x00000000a1800000|  0%| F|  |TAMS 0x00000000a1700000, 0x00000000a1700000| Untracked 
|  24|0x00000000a1800000, 0x00000000a1800000, 0x00000000a1900000|  0%| F|  |TAMS 0x00000000a1800000, 0x00000000a1800000| Untracked 
|  25|0x00000000a1900000, 0x00000000a1900000, 0x00000000a1a00000|  0%| F|  |TAMS 0x00000000a1900000, 0x00000000a1900000| Untracked 
|  26|0x00000000a1a00000, 0x00000000a1a00000, 0x00000000a1b00000|  0%| F|  |TAMS 0x00000000a1a00000, 0x00000000a1a00000| Untracked 
|  27|0x00000000a1b00000, 0x00000000a1b00000, 0x00000000a1c00000|  0%| F|  |TAMS 0x00000000a1b00000, 0x00000000a1b00000| Untracked 
|  28|0x00000000a1c00000, 0x00000000a1c00000, 0x00000000a1d00000|  0%| F|  |TAMS 0x00000000a1c00000, 0x00000000a1c00000| Untracked 
|  29|0x00000000a1d00000, 0x00000000a1d00000, 0x00000000a1e00000|  0%| F|  |TAMS 0x00000000a1d00000, 0x00000000a1d00000| Untracked 
|  30|0x00000000a1e00000, 0x00000000a1e00000, 0x00000000a1f00000|  0%| F|  |TAMS 0x00000000a1e00000, 0x00000000a1e00000| Untracked 
|  31|0x00000000a1f00000, 0x00000000a1f00000, 0x00000000a2000000|  0%| F|  |TAMS 0x00000000a1f00000, 0x00000000a1f00000| Untracked 
|  32|0x00000000a2000000, 0x00000000a2000000, 0x00000000a2100000|  0%| F|  |TAMS 0x00000000a2000000, 0x00000000a2000000| Untracked 
|  33|0x00000000a2100000, 0x00000000a2100000, 0x00000000a2200000|  0%| F|  |TAMS 0x00000000a2100000, 0x00000000a2100000| Untracked 
|  34|0x00000000a2200000, 0x00000000a2200000, 0x00000000a2300000|  0%| F|  |TAMS 0x00000000a2200000, 0x00000000a2200000| Untracked 
|  35|0x00000000a2300000, 0x00000000a2300000, 0x00000000a2400000|  0%| F|  |TAMS 0x00000000a2300000, 0x00000000a2300000| Untracked 
|  36|0x00000000a2400000, 0x00000000a2400000, 0x00000000a2500000|  0%| F|  |TAMS 0x00000000a2400000, 0x00000000a2400000| Untracked 
|  37|0x00000000a2500000, 0x00000000a2500000, 0x00000000a2600000|  0%| F|  |TAMS 0x00000000a2500000, 0x00000000a2500000| Untracked 
|  38|0x00000000a2600000, 0x00000000a2600000, 0x00000000a2700000|  0%| F|  |TAMS 0x00000000a2600000, 0x00000000a2600000| Untracked 
|  39|0x00000000a2700000, 0x00000000a2700000, 0x00000000a2800000|  0%| F|  |TAMS 0x00000000a2700000, 0x00000000a2700000| Untracked 
|  40|0x00000000a2800000, 0x00000000a2800000, 0x00000000a2900000|  0%| F|  |TAMS 0x00000000a2800000, 0x00000000a2800000| Untracked 
|  41|0x00000000a2900000, 0x00000000a2900000, 0x00000000a2a00000|  0%| F|  |TAMS 0x00000000a2900000, 0x00000000a2900000| Untracked 
|  42|0x00000000a2a00000, 0x00000000a2a00000, 0x00000000a2b00000|  0%| F|  |TAMS 0x00000000a2a00000, 0x00000000a2a00000| Untracked 
|  43|0x00000000a2b00000, 0x00000000a2b00000, 0x00000000a2c00000|  0%| F|  |TAMS 0x00000000a2b00000, 0x00000000a2b00000| Untracked 
|  44|0x00000000a2c00000, 0x00000000a2c00000, 0x00000000a2d00000|  0%| F|  |TAMS 0x00000000a2c00000, 0x00000000a2c00000| Untracked 
|  45|0x00000000a2d00000, 0x00000000a2d00000, 0x00000000a2e00000|  0%| F|  |TAMS 0x00000000a2d00000, 0x00000000a2d00000| Untracked 
|  46|0x00000000a2e00000, 0x00000000a2e00000, 0x00000000a2f00000|  0%| F|  |TAMS 0x00000000a2e00000, 0x00000000a2e00000| Untracked 
|  47|0x00000000a2f00000, 0x00000000a2f00000, 0x00000000a3000000|  0%| F|  |TAMS 0x00000000a2f00000, 0x00000000a2f00000| Untracked 
|  48|0x00000000a3000000, 0x00000000a3000000, 0x00000000a3100000|  0%| F|  |TAMS 0x00000000a3000000, 0x00000000a3000000| Untracked 
|  49|0x00000000a3100000, 0x00000000a3100000, 0x00000000a3200000|  0%| F|  |TAMS 0x00000000a3100000, 0x00000000a3100000| Untracked 
|  50|0x00000000a3200000, 0x00000000a3200000, 0x00000000a3300000|  0%| F|  |TAMS 0x00000000a3200000, 0x00000000a3200000| Untracked 
|  51|0x00000000a3300000, 0x00000000a3300000, 0x00000000a3400000|  0%| F|  |TAMS 0x00000000a3300000, 0x00000000a3300000| Untracked 
|  52|0x00000000a3400000, 0x00000000a3400000, 0x00000000a3500000|  0%| F|  |TAMS 0x00000000a3400000, 0x00000000a3400000| Untracked 
|  53|0x00000000a3500000, 0x00000000a3500000, 0x00000000a3600000|  0%| F|  |TAMS 0x00000000a3500000, 0x00000000a3500000| Untracked 
|  54|0x00000000a3600000, 0x00000000a3600000, 0x00000000a3700000|  0%| F|  |TAMS 0x00000000a3600000, 0x00000000a3600000| Untracked 
|  55|0x00000000a3700000, 0x00000000a3700000, 0x00000000a3800000|  0%| F|  |TAMS 0x00000000a3700000, 0x00000000a3700000| Untracked 
|  56|0x00000000a3800000, 0x00000000a3800000, 0x00000000a3900000|  0%| F|  |TAMS 0x00000000a3800000, 0x00000000a3800000| Untracked 
|  57|0x00000000a3900000, 0x00000000a3900000, 0x00000000a3a00000|  0%| F|  |TAMS 0x00000000a3900000, 0x00000000a3900000| Untracked 
|  58|0x00000000a3a00000, 0x00000000a3a00000, 0x00000000a3b00000|  0%| F|  |TAMS 0x00000000a3a00000, 0x00000000a3a00000| Untracked 
|  59|0x00000000a3b00000, 0x00000000a3b00000, 0x00000000a3c00000|  0%| F|  |TAMS 0x00000000a3b00000, 0x00000000a3b00000| Untracked 
|  60|0x00000000a3c00000, 0x00000000a3c00000, 0x00000000a3d00000|  0%| F|  |TAMS 0x00000000a3c00000, 0x00000000a3c00000| Untracked 
|  61|0x00000000a3d00000, 0x00000000a3d00000, 0x00000000a3e00000|  0%| F|  |TAMS 0x00000000a3d00000, 0x00000000a3d00000| Untracked 
|  62|0x00000000a3e00000, 0x00000000a3e00000, 0x00000000a3f00000|  0%| F|  |TAMS 0x00000000a3e00000, 0x00000000a3e00000| Untracked 
|  63|0x00000000a3f00000, 0x00000000a3f00000, 0x00000000a4000000|  0%| F|  |TAMS 0x00000000a3f00000, 0x00000000a3f00000| Untracked 
|  64|0x00000000a4000000, 0x00000000a4000000, 0x00000000a4100000|  0%| F|  |TAMS 0x00000000a4000000, 0x00000000a4000000| Untracked 
|  65|0x00000000a4100000, 0x00000000a4100000, 0x00000000a4200000|  0%| F|  |TAMS 0x00000000a4100000, 0x00000000a4100000| Untracked 
|  66|0x00000000a4200000, 0x00000000a4200000, 0x00000000a4300000|  0%| F|  |TAMS 0x00000000a4200000, 0x00000000a4200000| Untracked 
|  67|0x00000000a4300000, 0x00000000a4300000, 0x00000000a4400000|  0%| F|  |TAMS 0x00000000a4300000, 0x00000000a4300000| Untracked 
|  68|0x00000000a4400000, 0x00000000a4400000, 0x00000000a4500000|  0%| F|  |TAMS 0x00000000a4400000, 0x00000000a4400000| Untracked 
|  69|0x00000000a4500000, 0x00000000a4500000, 0x00000000a4600000|  0%| F|  |TAMS 0x00000000a4500000, 0x00000000a4500000| Untracked 
|  70|0x00000000a4600000, 0x00000000a4600000, 0x00000000a4700000|  0%| F|  |TAMS 0x00000000a4600000, 0x00000000a4600000| Untracked 
|  71|0x00000000a4700000, 0x00000000a4700000, 0x00000000a4800000|  0%| F|  |TAMS 0x00000000a4700000, 0x00000000a4700000| Untracked 
|  72|0x00000000a4800000, 0x00000000a4800000, 0x00000000a4900000|  0%| F|  |TAMS 0x00000000a4800000, 0x00000000a4800000| Untracked 
|  73|0x00000000a4900000, 0x00000000a4900000, 0x00000000a4a00000|  0%| F|  |TAMS 0x00000000a4900000, 0x00000000a4900000| Untracked 
|  74|0x00000000a4a00000, 0x00000000a4a00000, 0x00000000a4b00000|  0%| F|  |TAMS 0x00000000a4a00000, 0x00000000a4a00000| Untracked 
|  75|0x00000000a4b00000, 0x00000000a4b00000, 0x00000000a4c00000|  0%| F|  |TAMS 0x00000000a4b00000, 0x00000000a4b00000| Untracked 
|  76|0x00000000a4c00000, 0x00000000a4c00000, 0x00000000a4d00000|  0%| F|  |TAMS 0x00000000a4c00000, 0x00000000a4c00000| Untracked 
|  77|0x00000000a4d00000, 0x00000000a4d00000, 0x00000000a4e00000|  0%| F|  |TAMS 0x00000000a4d00000, 0x00000000a4d00000| Untracked 
|  78|0x00000000a4e00000, 0x00000000a4e00000, 0x00000000a4f00000|  0%| F|  |TAMS 0x00000000a4e00000, 0x00000000a4e00000| Untracked 
|  79|0x00000000a4f00000, 0x00000000a4f00000, 0x00000000a5000000|  0%| F|  |TAMS 0x00000000a4f00000, 0x00000000a4f00000| Untracked 
|  80|0x00000000a5000000, 0x00000000a5000000, 0x00000000a5100000|  0%| F|  |TAMS 0x00000000a5000000, 0x00000000a5000000| Untracked 
|  81|0x00000000a5100000, 0x00000000a5100000, 0x00000000a5200000|  0%| F|  |TAMS 0x00000000a5100000, 0x00000000a5100000| Untracked 
|  82|0x00000000a5200000, 0x00000000a5200000, 0x00000000a5300000|  0%| F|  |TAMS 0x00000000a5200000, 0x00000000a5200000| Untracked 
|  83|0x00000000a5300000, 0x00000000a5300000, 0x00000000a5400000|  0%| F|  |TAMS 0x00000000a5300000, 0x00000000a5300000| Untracked 
|  84|0x00000000a5400000, 0x00000000a5400000, 0x00000000a5500000|  0%| F|  |TAMS 0x00000000a5400000, 0x00000000a5400000| Untracked 
|  85|0x00000000a5500000, 0x00000000a5500000, 0x00000000a5600000|  0%| F|  |TAMS 0x00000000a5500000, 0x00000000a5500000| Untracked 
|  86|0x00000000a5600000, 0x00000000a5600000, 0x00000000a5700000|  0%| F|  |TAMS 0x00000000a5600000, 0x00000000a5600000| Untracked 
|  87|0x00000000a5700000, 0x00000000a5700000, 0x00000000a5800000|  0%| F|  |TAMS 0x00000000a5700000, 0x00000000a5700000| Untracked 
|  88|0x00000000a5800000, 0x00000000a5800000, 0x00000000a5900000|  0%| F|  |TAMS 0x00000000a5800000, 0x00000000a5800000| Untracked 
|  89|0x00000000a5900000, 0x00000000a5900000, 0x00000000a5a00000|  0%| F|  |TAMS 0x00000000a5900000, 0x00000000a5900000| Untracked 
|  90|0x00000000a5a00000, 0x00000000a5a00000, 0x00000000a5b00000|  0%| F|  |TAMS 0x00000000a5a00000, 0x00000000a5a00000| Untracked 
|  91|0x00000000a5b00000, 0x00000000a5b00000, 0x00000000a5c00000|  0%| F|  |TAMS 0x00000000a5b00000, 0x00000000a5b00000| Untracked 
|  92|0x00000000a5c00000, 0x00000000a5c00000, 0x00000000a5d00000|  0%| F|  |TAMS 0x00000000a5c00000, 0x00000000a5c00000| Untracked 
|  93|0x00000000a5d00000, 0x00000000a5d00000, 0x00000000a5e00000|  0%| F|  |TAMS 0x00000000a5d00000, 0x00000000a5d00000| Untracked 
|  94|0x00000000a5e00000, 0x00000000a5e00000, 0x00000000a5f00000|  0%| F|  |TAMS 0x00000000a5e00000, 0x00000000a5e00000| Untracked 
|  95|0x00000000a5f00000, 0x00000000a5f00000, 0x00000000a6000000|  0%| F|  |TAMS 0x00000000a5f00000, 0x00000000a5f00000| Untracked 
|  96|0x00000000a6000000, 0x00000000a6000000, 0x00000000a6100000|  0%| F|  |TAMS 0x00000000a6000000, 0x00000000a6000000| Untracked 
|  97|0x00000000a6100000, 0x00000000a6100000, 0x00000000a6200000|  0%| F|  |TAMS 0x00000000a6100000, 0x00000000a6100000| Untracked 
|  98|0x00000000a6200000, 0x00000000a6200000, 0x00000000a6300000|  0%| F|  |TAMS 0x00000000a6200000, 0x00000000a6200000| Untracked 
|  99|0x00000000a6300000, 0x00000000a6300000, 0x00000000a6400000|  0%| F|  |TAMS 0x00000000a6300000, 0x00000000a6300000| Untracked 
| 100|0x00000000a6400000, 0x00000000a6400000, 0x00000000a6500000|  0%| F|  |TAMS 0x00000000a6400000, 0x00000000a6400000| Untracked 
| 101|0x00000000a6500000, 0x00000000a6500000, 0x00000000a6600000|  0%| F|  |TAMS 0x00000000a6500000, 0x00000000a6500000| Untracked 
| 102|0x00000000a6600000, 0x00000000a6600000, 0x00000000a6700000|  0%| F|  |TAMS 0x00000000a6600000, 0x00000000a6600000| Untracked 
| 103|0x00000000a6700000, 0x00000000a6700000, 0x00000000a6800000|  0%| F|  |TAMS 0x00000000a6700000, 0x00000000a6700000| Untracked 
| 104|0x00000000a6800000, 0x00000000a6800000, 0x00000000a6900000|  0%| F|  |TAMS 0x00000000a6800000, 0x00000000a6800000| Untracked 
| 105|0x00000000a6900000, 0x00000000a6900000, 0x00000000a6a00000|  0%| F|  |TAMS 0x00000000a6900000, 0x00000000a6900000| Untracked 
| 106|0x00000000a6a00000, 0x00000000a6a00000, 0x00000000a6b00000|  0%| F|  |TAMS 0x00000000a6a00000, 0x00000000a6a00000| Untracked 
| 107|0x00000000a6b00000, 0x00000000a6b00000, 0x00000000a6c00000|  0%| F|  |TAMS 0x00000000a6b00000, 0x00000000a6b00000| Untracked 
| 108|0x00000000a6c00000, 0x00000000a6c00000, 0x00000000a6d00000|  0%| F|  |TAMS 0x00000000a6c00000, 0x00000000a6c00000| Untracked 
| 109|0x00000000a6d00000, 0x00000000a6d00000, 0x00000000a6e00000|  0%| F|  |TAMS 0x00000000a6d00000, 0x00000000a6d00000| Untracked 
| 110|0x00000000a6e00000, 0x00000000a6e00000, 0x00000000a6f00000|  0%| F|  |TAMS 0x00000000a6e00000, 0x00000000a6e00000| Untracked 
| 111|0x00000000a6f00000, 0x00000000a6f00000, 0x00000000a7000000|  0%| F|  |TAMS 0x00000000a6f00000, 0x00000000a6f00000| Untracked 
| 112|0x00000000a7000000, 0x00000000a7000000, 0x00000000a7100000|  0%| F|  |TAMS 0x00000000a7000000, 0x00000000a7000000| Untracked 
| 113|0x00000000a7100000, 0x00000000a7100000, 0x00000000a7200000|  0%| F|  |TAMS 0x00000000a7100000, 0x00000000a7100000| Untracked 
| 114|0x00000000a7200000, 0x00000000a7200000, 0x00000000a7300000|  0%| F|  |TAMS 0x00000000a7200000, 0x00000000a7200000| Untracked 
| 115|0x00000000a7300000, 0x00000000a7300000, 0x00000000a7400000|  0%| F|  |TAMS 0x00000000a7300000, 0x00000000a7300000| Untracked 
| 116|0x00000000a7400000, 0x00000000a7400000, 0x00000000a7500000|  0%| F|  |TAMS 0x00000000a7400000, 0x00000000a7400000| Untracked 
| 117|0x00000000a7500000, 0x00000000a7500000, 0x00000000a7600000|  0%| F|  |TAMS 0x00000000a7500000, 0x00000000a7500000| Untracked 
| 118|0x00000000a7600000, 0x00000000a7600000, 0x00000000a7700000|  0%| F|  |TAMS 0x00000000a7600000, 0x00000000a7600000| Untracked 
| 119|0x00000000a7700000, 0x00000000a7700000, 0x00000000a7800000|  0%| F|  |TAMS 0x00000000a7700000, 0x00000000a7700000| Untracked 
| 120|0x00000000a7800000, 0x00000000a7800000, 0x00000000a7900000|  0%| F|  |TAMS 0x00000000a7800000, 0x00000000a7800000| Untracked 
| 121|0x00000000a7900000, 0x00000000a7900000, 0x00000000a7a00000|  0%| F|  |TAMS 0x00000000a7900000, 0x00000000a7900000| Untracked 
| 122|0x00000000a7a00000, 0x00000000a7a00000, 0x00000000a7b00000|  0%| F|  |TAMS 0x00000000a7a00000, 0x00000000a7a00000| Untracked 
| 123|0x00000000a7b00000, 0x00000000a7b00000, 0x00000000a7c00000|  0%| F|  |TAMS 0x00000000a7b00000, 0x00000000a7b00000| Untracked 
| 124|0x00000000a7c00000, 0x00000000a7c00000, 0x00000000a7d00000|  0%| F|  |TAMS 0x00000000a7c00000, 0x00000000a7c00000| Untracked 
| 125|0x00000000a7d00000, 0x00000000a7d00000, 0x00000000a7e00000|  0%| F|  |TAMS 0x00000000a7d00000, 0x00000000a7d00000| Untracked 
| 126|0x00000000a7e00000, 0x00000000a7e00000, 0x00000000a7f00000|  0%| F|  |TAMS 0x00000000a7e00000, 0x00000000a7e00000| Untracked 
| 127|0x00000000a7f00000, 0x00000000a7f00000, 0x00000000a8000000|  0%| F|  |TAMS 0x00000000a7f00000, 0x00000000a7f00000| Untracked 
| 128|0x00000000a8000000, 0x00000000a8000000, 0x00000000a8100000|  0%| F|  |TAMS 0x00000000a8000000, 0x00000000a8000000| Untracked 
| 129|0x00000000a8100000, 0x00000000a8100000, 0x00000000a8200000|  0%| F|  |TAMS 0x00000000a8100000, 0x00000000a8100000| Untracked 
| 130|0x00000000a8200000, 0x00000000a8200000, 0x00000000a8300000|  0%| F|  |TAMS 0x00000000a8200000, 0x00000000a8200000| Untracked 
| 131|0x00000000a8300000, 0x00000000a8300000, 0x00000000a8400000|  0%| F|  |TAMS 0x00000000a8300000, 0x00000000a8300000| Untracked 
| 132|0x00000000a8400000, 0x00000000a8400000, 0x00000000a8500000|  0%| F|  |TAMS 0x00000000a8400000, 0x00000000a8400000| Untracked 
| 133|0x00000000a8500000, 0x00000000a8500000, 0x00000000a8600000|  0%| F|  |TAMS 0x00000000a8500000, 0x00000000a8500000| Untracked 
| 134|0x00000000a8600000, 0x00000000a8600000, 0x00000000a8700000|  0%| F|  |TAMS 0x00000000a8600000, 0x00000000a8600000| Untracked 
| 135|0x00000000a8700000, 0x00000000a8700000, 0x00000000a8800000|  0%| F|  |TAMS 0x00000000a8700000, 0x00000000a8700000| Untracked 
| 136|0x00000000a8800000, 0x00000000a8800000, 0x00000000a8900000|  0%| F|  |TAMS 0x00000000a8800000, 0x00000000a8800000| Untracked 
| 137|0x00000000a8900000, 0x00000000a8900000, 0x00000000a8a00000|  0%| F|  |TAMS 0x00000000a8900000, 0x00000000a8900000| Untracked 
| 138|0x00000000a8a00000, 0x00000000a8a00000, 0x00000000a8b00000|  0%| F|  |TAMS 0x00000000a8a00000, 0x00000000a8a00000| Untracked 
| 139|0x00000000a8b00000, 0x00000000a8b00000, 0x00000000a8c00000|  0%| F|  |TAMS 0x00000000a8b00000, 0x00000000a8b00000| Untracked 
| 140|0x00000000a8c00000, 0x00000000a8c00000, 0x00000000a8d00000|  0%| F|  |TAMS 0x00000000a8c00000, 0x00000000a8c00000| Untracked 
| 141|0x00000000a8d00000, 0x00000000a8d00000, 0x00000000a8e00000|  0%| F|  |TAMS 0x00000000a8d00000, 0x00000000a8d00000| Untracked 
| 142|0x00000000a8e00000, 0x00000000a8e00000, 0x00000000a8f00000|  0%| F|  |TAMS 0x00000000a8e00000, 0x00000000a8e00000| Untracked 
| 143|0x00000000a8f00000, 0x00000000a8f00000, 0x00000000a9000000|  0%| F|  |TAMS 0x00000000a8f00000, 0x00000000a8f00000| Untracked 
| 144|0x00000000a9000000, 0x00000000a9000000, 0x00000000a9100000|  0%| F|  |TAMS 0x00000000a9000000, 0x00000000a9000000| Untracked 
| 145|0x00000000a9100000, 0x00000000a9100000, 0x00000000a9200000|  0%| F|  |TAMS 0x00000000a9100000, 0x00000000a9100000| Untracked 
| 146|0x00000000a9200000, 0x00000000a9200000, 0x00000000a9300000|  0%| F|  |TAMS 0x00000000a9200000, 0x00000000a9200000| Untracked 
| 147|0x00000000a9300000, 0x00000000a9300000, 0x00000000a9400000|  0%| F|  |TAMS 0x00000000a9300000, 0x00000000a9300000| Untracked 
| 148|0x00000000a9400000, 0x00000000a9400000, 0x00000000a9500000|  0%| F|  |TAMS 0x00000000a9400000, 0x00000000a9400000| Untracked 
| 149|0x00000000a9500000, 0x00000000a9500000, 0x00000000a9600000|  0%| F|  |TAMS 0x00000000a9500000, 0x00000000a9500000| Untracked 
| 150|0x00000000a9600000, 0x00000000a9600000, 0x00000000a9700000|  0%| F|  |TAMS 0x00000000a9600000, 0x00000000a9600000| Untracked 
| 151|0x00000000a9700000, 0x00000000a9700000, 0x00000000a9800000|  0%| F|  |TAMS 0x00000000a9700000, 0x00000000a9700000| Untracked 
| 152|0x00000000a9800000, 0x00000000a9800000, 0x00000000a9900000|  0%| F|  |TAMS 0x00000000a9800000, 0x00000000a9800000| Untracked 
| 153|0x00000000a9900000, 0x00000000a9900000, 0x00000000a9a00000|  0%| F|  |TAMS 0x00000000a9900000, 0x00000000a9900000| Untracked 
| 154|0x00000000a9a00000, 0x00000000a9a00000, 0x00000000a9b00000|  0%| F|  |TAMS 0x00000000a9a00000, 0x00000000a9a00000| Untracked 
| 155|0x00000000a9b00000, 0x00000000a9b00000, 0x00000000a9c00000|  0%| F|  |TAMS 0x00000000a9b00000, 0x00000000a9b00000| Untracked 
| 156|0x00000000a9c00000, 0x00000000a9c00000, 0x00000000a9d00000|  0%| F|  |TAMS 0x00000000a9c00000, 0x00000000a9c00000| Untracked 
| 157|0x00000000a9d00000, 0x00000000a9d00000, 0x00000000a9e00000|  0%| F|  |TAMS 0x00000000a9d00000, 0x00000000a9d00000| Untracked 
| 158|0x00000000a9e00000, 0x00000000a9e00000, 0x00000000a9f00000|  0%| F|  |TAMS 0x00000000a9e00000, 0x00000000a9e00000| Untracked 
| 159|0x00000000a9f00000, 0x00000000a9f00000, 0x00000000aa000000|  0%| F|  |TAMS 0x00000000a9f00000, 0x00000000a9f00000| Untracked 
| 160|0x00000000aa000000, 0x00000000aa000000, 0x00000000aa100000|  0%| F|  |TAMS 0x00000000aa000000, 0x00000000aa000000| Untracked 
| 161|0x00000000aa100000, 0x00000000aa100000, 0x00000000aa200000|  0%| F|  |TAMS 0x00000000aa100000, 0x00000000aa100000| Untracked 
| 162|0x00000000aa200000, 0x00000000aa200000, 0x00000000aa300000|  0%| F|  |TAMS 0x00000000aa200000, 0x00000000aa200000| Untracked 
| 163|0x00000000aa300000, 0x00000000aa300000, 0x00000000aa400000|  0%| F|  |TAMS 0x00000000aa300000, 0x00000000aa300000| Untracked 
| 164|0x00000000aa400000, 0x00000000aa400000, 0x00000000aa500000|  0%| F|  |TAMS 0x00000000aa400000, 0x00000000aa400000| Untracked 
| 165|0x00000000aa500000, 0x00000000aa500000, 0x00000000aa600000|  0%| F|  |TAMS 0x00000000aa500000, 0x00000000aa500000| Untracked 
| 166|0x00000000aa600000, 0x00000000aa600000, 0x00000000aa700000|  0%| F|  |TAMS 0x00000000aa600000, 0x00000000aa600000| Untracked 
| 167|0x00000000aa700000, 0x00000000aa700000, 0x00000000aa800000|  0%| F|  |TAMS 0x00000000aa700000, 0x00000000aa700000| Untracked 
| 168|0x00000000aa800000, 0x00000000aa83abc0, 0x00000000aa900000| 22%| S|CS|TAMS 0x00000000aa800000, 0x00000000aa800000| Complete 
| 169|0x00000000aa900000, 0x00000000aaa00000, 0x00000000aaa00000|100%| S|CS|TAMS 0x00000000aa900000, 0x00000000aa900000| Complete 
| 170|0x00000000aaa00000, 0x00000000aab00000, 0x00000000aab00000|100%| S|CS|TAMS 0x00000000aaa00000, 0x00000000aaa00000| Complete 
| 171|0x00000000aab00000, 0x00000000aac00000, 0x00000000aac00000|100%| S|CS|TAMS 0x00000000aab00000, 0x00000000aab00000| Complete 
| 172|0x00000000aac00000, 0x00000000aad00000, 0x00000000aad00000|100%| S|CS|TAMS 0x00000000aac00000, 0x00000000aac00000| Complete 
| 173|0x00000000aad00000, 0x00000000aae00000, 0x00000000aae00000|100%| S|CS|TAMS 0x00000000aad00000, 0x00000000aad00000| Complete 
| 174|0x00000000aae00000, 0x00000000aae00000, 0x00000000aaf00000|  0%| F|  |TAMS 0x00000000aae00000, 0x00000000aae00000| Untracked 
| 175|0x00000000aaf00000, 0x00000000aaf00000, 0x00000000ab000000|  0%| F|  |TAMS 0x00000000aaf00000, 0x00000000aaf00000| Untracked 
| 176|0x00000000ab000000, 0x00000000ab000000, 0x00000000ab100000|  0%| F|  |TAMS 0x00000000ab000000, 0x00000000ab000000| Untracked 
| 177|0x00000000ab100000, 0x00000000ab100000, 0x00000000ab200000|  0%| F|  |TAMS 0x00000000ab100000, 0x00000000ab100000| Untracked 
| 178|0x00000000ab200000, 0x00000000ab200000, 0x00000000ab300000|  0%| F|  |TAMS 0x00000000ab200000, 0x00000000ab200000| Untracked 
| 179|0x00000000ab300000, 0x00000000ab300000, 0x00000000ab400000|  0%| F|  |TAMS 0x00000000ab300000, 0x00000000ab300000| Untracked 
| 180|0x00000000ab400000, 0x00000000ab400000, 0x00000000ab500000|  0%| F|  |TAMS 0x00000000ab400000, 0x00000000ab400000| Untracked 
| 181|0x00000000ab500000, 0x00000000ab500000, 0x00000000ab600000|  0%| F|  |TAMS 0x00000000ab500000, 0x00000000ab500000| Untracked 
| 182|0x00000000ab600000, 0x00000000ab600000, 0x00000000ab700000|  0%| F|  |TAMS 0x00000000ab600000, 0x00000000ab600000| Untracked 
| 183|0x00000000ab700000, 0x00000000ab700000, 0x00000000ab800000|  0%| F|  |TAMS 0x00000000ab700000, 0x00000000ab700000| Untracked 
| 184|0x00000000ab800000, 0x00000000ab800000, 0x00000000ab900000|  0%| F|  |TAMS 0x00000000ab800000, 0x00000000ab800000| Untracked 
| 185|0x00000000ab900000, 0x00000000ab900000, 0x00000000aba00000|  0%| F|  |TAMS 0x00000000ab900000, 0x00000000ab900000| Untracked 
| 186|0x00000000aba00000, 0x00000000aba00000, 0x00000000abb00000|  0%| F|  |TAMS 0x00000000aba00000, 0x00000000aba00000| Untracked 
| 187|0x00000000abb00000, 0x00000000abb00000, 0x00000000abc00000|  0%| F|  |TAMS 0x00000000abb00000, 0x00000000abb00000| Untracked 
| 188|0x00000000abc00000, 0x00000000abc00000, 0x00000000abd00000|  0%| F|  |TAMS 0x00000000abc00000, 0x00000000abc00000| Untracked 
| 189|0x00000000abd00000, 0x00000000abd00000, 0x00000000abe00000|  0%| F|  |TAMS 0x00000000abd00000, 0x00000000abd00000| Untracked 
| 190|0x00000000abe00000, 0x00000000abe00000, 0x00000000abf00000|  0%| F|  |TAMS 0x00000000abe00000, 0x00000000abe00000| Untracked 
| 191|0x00000000abf00000, 0x00000000abf00000, 0x00000000ac000000|  0%| F|  |TAMS 0x00000000abf00000, 0x00000000abf00000| Untracked 
| 192|0x00000000ac000000, 0x00000000ac000000, 0x00000000ac100000|  0%| F|  |TAMS 0x00000000ac000000, 0x00000000ac000000| Untracked 
| 193|0x00000000ac100000, 0x00000000ac100000, 0x00000000ac200000|  0%| F|  |TAMS 0x00000000ac100000, 0x00000000ac100000| Untracked 
| 194|0x00000000ac200000, 0x00000000ac200000, 0x00000000ac300000|  0%| F|  |TAMS 0x00000000ac200000, 0x00000000ac200000| Untracked 
| 195|0x00000000ac300000, 0x00000000ac300000, 0x00000000ac400000|  0%| F|  |TAMS 0x00000000ac300000, 0x00000000ac300000| Untracked 
| 196|0x00000000ac400000, 0x00000000ac400000, 0x00000000ac500000|  0%| F|  |TAMS 0x00000000ac400000, 0x00000000ac400000| Untracked 
| 197|0x00000000ac500000, 0x00000000ac500000, 0x00000000ac600000|  0%| F|  |TAMS 0x00000000ac500000, 0x00000000ac500000| Untracked 
| 198|0x00000000ac600000, 0x00000000ac600000, 0x00000000ac700000|  0%| F|  |TAMS 0x00000000ac600000, 0x00000000ac600000| Untracked 
| 199|0x00000000ac700000, 0x00000000ac700000, 0x00000000ac800000|  0%| F|  |TAMS 0x00000000ac700000, 0x00000000ac700000| Untracked 
| 200|0x00000000ac800000, 0x00000000ac800000, 0x00000000ac900000|  0%| F|  |TAMS 0x00000000ac800000, 0x00000000ac800000| Untracked 
| 201|0x00000000ac900000, 0x00000000ac900000, 0x00000000aca00000|  0%| F|  |TAMS 0x00000000ac900000, 0x00000000ac900000| Untracked 
| 202|0x00000000aca00000, 0x00000000aca00000, 0x00000000acb00000|  0%| F|  |TAMS 0x00000000aca00000, 0x00000000aca00000| Untracked 
| 203|0x00000000acb00000, 0x00000000acb00000, 0x00000000acc00000|  0%| F|  |TAMS 0x00000000acb00000, 0x00000000acb00000| Untracked 
| 204|0x00000000acc00000, 0x00000000acc00000, 0x00000000acd00000|  0%| F|  |TAMS 0x00000000acc00000, 0x00000000acc00000| Untracked 
| 205|0x00000000acd00000, 0x00000000acd00000, 0x00000000ace00000|  0%| F|  |TAMS 0x00000000acd00000, 0x00000000acd00000| Untracked 
| 206|0x00000000ace00000, 0x00000000ace00000, 0x00000000acf00000|  0%| F|  |TAMS 0x00000000ace00000, 0x00000000ace00000| Untracked 
| 207|0x00000000acf00000, 0x00000000acf00000, 0x00000000ad000000|  0%| F|  |TAMS 0x00000000acf00000, 0x00000000acf00000| Untracked 
| 208|0x00000000ad000000, 0x00000000ad000000, 0x00000000ad100000|  0%| F|  |TAMS 0x00000000ad000000, 0x00000000ad000000| Untracked 
| 209|0x00000000ad100000, 0x00000000ad100000, 0x00000000ad200000|  0%| F|  |TAMS 0x00000000ad100000, 0x00000000ad100000| Untracked 
| 210|0x00000000ad200000, 0x00000000ad200000, 0x00000000ad300000|  0%| F|  |TAMS 0x00000000ad200000, 0x00000000ad200000| Untracked 
| 211|0x00000000ad300000, 0x00000000ad36d7b0, 0x00000000ad400000| 42%| E|  |TAMS 0x00000000ad300000, 0x00000000ad300000| Complete 
| 212|0x00000000ad400000, 0x00000000ad500000, 0x00000000ad500000|100%| E|CS|TAMS 0x00000000ad400000, 0x00000000ad400000| Complete 
| 213|0x00000000ad500000, 0x00000000ad600000, 0x00000000ad600000|100%| E|CS|TAMS 0x00000000ad500000, 0x00000000ad500000| Complete 
| 214|0x00000000ad600000, 0x00000000ad700000, 0x00000000ad700000|100%| E|CS|TAMS 0x00000000ad600000, 0x00000000ad600000| Complete 
| 215|0x00000000ad700000, 0x00000000ad800000, 0x00000000ad800000|100%| E|CS|TAMS 0x00000000ad700000, 0x00000000ad700000| Complete 
| 216|0x00000000ad800000, 0x00000000ad900000, 0x00000000ad900000|100%| E|CS|TAMS 0x00000000ad800000, 0x00000000ad800000| Complete 
| 217|0x00000000ad900000, 0x00000000ada00000, 0x00000000ada00000|100%| E|CS|TAMS 0x00000000ad900000, 0x00000000ad900000| Complete 
| 218|0x00000000ada00000, 0x00000000adb00000, 0x00000000adb00000|100%| E|CS|TAMS 0x00000000ada00000, 0x00000000ada00000| Complete 
| 219|0x00000000adb00000, 0x00000000adc00000, 0x00000000adc00000|100%| E|CS|TAMS 0x00000000adb00000, 0x00000000adb00000| Complete 
| 220|0x00000000adc00000, 0x00000000add00000, 0x00000000add00000|100%| E|CS|TAMS 0x00000000adc00000, 0x00000000adc00000| Complete 
| 221|0x00000000add00000, 0x00000000ade00000, 0x00000000ade00000|100%| E|CS|TAMS 0x00000000add00000, 0x00000000add00000| Complete 
| 222|0x00000000ade00000, 0x00000000adf00000, 0x00000000adf00000|100%| E|CS|TAMS 0x00000000ade00000, 0x00000000ade00000| Complete 
| 223|0x00000000adf00000, 0x00000000ae000000, 0x00000000ae000000|100%| E|CS|TAMS 0x00000000adf00000, 0x00000000adf00000| Complete 
| 224|0x00000000ae000000, 0x00000000ae100000, 0x00000000ae100000|100%| E|CS|TAMS 0x00000000ae000000, 0x00000000ae000000| Complete 
| 225|0x00000000ae100000, 0x00000000ae200000, 0x00000000ae200000|100%| E|CS|TAMS 0x00000000ae100000, 0x00000000ae100000| Complete 
| 226|0x00000000ae200000, 0x00000000ae300000, 0x00000000ae300000|100%| E|CS|TAMS 0x00000000ae200000, 0x00000000ae200000| Complete 
| 227|0x00000000ae300000, 0x00000000ae400000, 0x00000000ae400000|100%| E|CS|TAMS 0x00000000ae300000, 0x00000000ae300000| Complete 
| 228|0x00000000ae400000, 0x00000000ae500000, 0x00000000ae500000|100%| E|CS|TAMS 0x00000000ae400000, 0x00000000ae400000| Complete 
| 229|0x00000000ae500000, 0x00000000ae600000, 0x00000000ae600000|100%| E|CS|TAMS 0x00000000ae500000, 0x00000000ae500000| Complete 
| 230|0x00000000ae600000, 0x00000000ae700000, 0x00000000ae700000|100%| E|CS|TAMS 0x00000000ae600000, 0x00000000ae600000| Complete 
| 231|0x00000000ae700000, 0x00000000ae800000, 0x00000000ae800000|100%| E|CS|TAMS 0x00000000ae700000, 0x00000000ae700000| Complete 
| 232|0x00000000ae800000, 0x00000000ae900000, 0x00000000ae900000|100%| E|CS|TAMS 0x00000000ae800000, 0x00000000ae800000| Complete 
| 233|0x00000000ae900000, 0x00000000aea00000, 0x00000000aea00000|100%| E|CS|TAMS 0x00000000ae900000, 0x00000000ae900000| Complete 
| 234|0x00000000aea00000, 0x00000000aeb00000, 0x00000000aeb00000|100%| E|CS|TAMS 0x00000000aea00000, 0x00000000aea00000| Complete 
| 235|0x00000000aeb00000, 0x00000000aec00000, 0x00000000aec00000|100%| E|CS|TAMS 0x00000000aeb00000, 0x00000000aeb00000| Complete 
| 236|0x00000000aec00000, 0x00000000aed00000, 0x00000000aed00000|100%| E|CS|TAMS 0x00000000aec00000, 0x00000000aec00000| Complete 
| 237|0x00000000aed00000, 0x00000000aee00000, 0x00000000aee00000|100%| E|CS|TAMS 0x00000000aed00000, 0x00000000aed00000| Complete 
| 238|0x00000000aee00000, 0x00000000aef00000, 0x00000000aef00000|100%| E|CS|TAMS 0x00000000aee00000, 0x00000000aee00000| Complete 
| 239|0x00000000aef00000, 0x00000000af000000, 0x00000000af000000|100%| E|CS|TAMS 0x00000000aef00000, 0x00000000aef00000| Complete 
| 240|0x00000000af000000, 0x00000000af100000, 0x00000000af100000|100%| E|CS|TAMS 0x00000000af000000, 0x00000000af000000| Complete 
| 241|0x00000000af100000, 0x00000000af200000, 0x00000000af200000|100%| E|CS|TAMS 0x00000000af100000, 0x00000000af100000| Complete 
| 242|0x00000000af200000, 0x00000000af300000, 0x00000000af300000|100%| E|CS|TAMS 0x00000000af200000, 0x00000000af200000| Complete 
| 243|0x00000000af300000, 0x00000000af400000, 0x00000000af400000|100%| E|CS|TAMS 0x00000000af300000, 0x00000000af300000| Complete 
| 244|0x00000000af400000, 0x00000000af500000, 0x00000000af500000|100%| E|CS|TAMS 0x00000000af400000, 0x00000000af400000| Complete 
| 245|0x00000000af500000, 0x00000000af600000, 0x00000000af600000|100%| E|CS|TAMS 0x00000000af500000, 0x00000000af500000| Complete 

Card table byte_map: [0x000001acba390000,0x000001acba690000] _byte_map_base: 0x000001acb9e90000

Marking Bits (Prev, Next): (CMBitMap*) 0x000001aca4dfb7e8, (CMBitMap*) 0x000001aca4dfb820
 Prev Bits: [0x000001acba990000, 0x000001acbc190000)
 Next Bits: [0x000001acbc190000, 0x000001acbd990000)

Polling page: 0x000001aca4e90000

Metaspace:

Usage:
  Non-class:     33.22 MB capacity,    32.63 MB ( 98%) used,   506.38 KB (  1%) free+waste,    92.94 KB ( <1%) overhead. 
      Class:      5.13 MB capacity,     4.77 MB ( 93%) used,   322.88 KB (  6%) free+waste,    45.06 KB ( <1%) overhead. 
       Both:     38.34 MB capacity,    37.40 MB ( 98%) used,   829.25 KB (  2%) free+waste,   138.00 KB ( <1%) overhead. 

Virtual space:
  Non-class space:       34.00 MB reserved,      33.33 MB ( 98%) committed 
      Class space:        1.00 GB reserved,       5.25 MB ( <1%) committed 
             Both:        1.03 GB reserved,      38.58 MB (  4%) committed 

Chunk freelists:
   Non-Class:  50.00 KB
       Class:  0 bytes
        Both:  50.00 KB

MaxMetaspaceSize: 17179869184.00 GB
CompressedClassSpaceSize: 1.00 GB
Initial GC threshold: 20.80 MB
Current GC threshold: 58.88 MB
CDS: off

CodeHeap 'non-profiled nmethods': size=119168Kb used=1730Kb max_used=1730Kb free=117437Kb
 bounds [0x000001acb1c40000, 0x000001acb1eb0000, 0x000001acb90a0000]
CodeHeap 'profiled nmethods': size=119168Kb used=7775Kb max_used=7775Kb free=111393Kb
 bounds [0x000001acaa7e0000, 0x000001acaaf80000, 0x000001acb1c40000]
CodeHeap 'non-nmethods': size=7424Kb used=3274Kb max_used=3335Kb free=4149Kb
 bounds [0x000001acaa0a0000, 0x000001acaa3f0000, 0x000001acaa7e0000]
 total_blobs=4240 nmethods=3612 adapters=537
 compilation: enabled
              stopped_count=0, restarted_count=0
 full_count=0

Compilation events (20 events):
Event: 4.625 Thread 0x000001acc12d4800 nmethod 3586 0x000001acaaf64110 code [0x000001acaaf64380, 0x000001acaaf64cf8]
Event: 4.625 Thread 0x000001acc142e800 nmethod 3581 0x000001acaaf65090 code [0x000001acaaf655c0, 0x000001acaaf67b78]
Event: 4.629 Thread 0x000001acc2532000 3589       3       com.google.common.cache.LocalCache::discardingQueue (4 bytes)
Event: 4.629 Thread 0x000001acc2532000 nmethod 3589 0x000001acaaf68a90 code [0x000001acaaf68c40, 0x000001acaaf68d38]
Event: 4.635 Thread 0x000001acc3f14000 3590       4       sun.net.util.URLUtil::urlNoFragString (114 bytes)
Event: 4.635 Thread 0x000001acc1f7d800 3591       3       java.util.concurrent.locks.ReentrantLock$Sync::isHeldExclusively (16 bytes)
Event: 4.635 Thread 0x000001acc1f7d800 nmethod 3591 0x000001acaaf68e10 code [0x000001acaaf68fc0, 0x000001acaaf69158]
Event: 4.639 Thread 0x000001acc12d4800 3593       3       java.lang.invoke.AbstractValidatingLambdaMetafactory::checkDescriptor (133 bytes)
Event: 4.639 Thread 0x000001acc142e800 3592       3       java.lang.invoke.AbstractValidatingLambdaMetafactory::isAdaptableToAsReturn (36 bytes)
Event: 4.639 Thread 0x000001acc2532000 3594   !   3       java.lang.invoke.InnerClassLambdaMetafactory::buildCallSite (168 bytes)
Event: 4.639 Thread 0x000001acc142e800 nmethod 3592 0x000001acaaf69210 code [0x000001acaaf69400, 0x000001acaaf69888]
Event: 4.641 Thread 0x000001acc12d4800 nmethod 3593 0x000001acaaf69a10 code [0x000001acaaf69e60, 0x000001acaaf6c1f8]
Event: 4.641 Thread 0x000001acc1f7d800 3595  s    3       java.io.BufferedInputStream::read (113 bytes)
Event: 4.641 Thread 0x000001acc142e800 3596       3       java.io.BufferedInputStream::read1 (108 bytes)
Event: 4.641 Thread 0x000001acc12d4800 3597       3       java.io.DataInputStream::readLong (128 bytes)
Event: 4.641 Thread 0x000001acc4d8f800 3599       4       java.io.BufferedInputStream::getBufIfOpen (21 bytes)
Event: 4.642 Thread 0x000001acc2532000 nmethod 3594 0x000001acaaf6cd90 code [0x000001acaaf6d280, 0x000001acaaf6f528]
Event: 4.642 Thread 0x000001acc12d4800 nmethod 3597 0x000001acaaf70510 code [0x000001acaaf706e0, 0x000001acaaf709e8]
Event: 4.642 Thread 0x000001acc12d4800 3598       3       com.google.common.io.CountingInputStream::read (33 bytes)
Event: 4.642 Thread 0x000001acc2532000 3600       3       org.gradle.cache.internal.btree.BlockPointer::pos (56 bytes)

GC Heap History (8 events):
Event: 0.726 GC heap before
{Heap before GC invocations=0 (full 0):
 garbage-first heap   total 251904K, used 29696K [0x00000000a0000000, 0x0000000100000000)
  region size 1024K, 24 young (24576K), 0 survivors (0K)
 Metaspace       used 9717K, capacity 9968K, committed 10112K, reserved 1058816K
  class space    used 983K, capacity 1069K, committed 1152K, reserved 1048576K
}
Event: 0.731 GC heap after
{Heap after GC invocations=1 (full 0):
 garbage-first heap   total 251904K, used 9353K [0x00000000a0000000, 0x0000000100000000)
  region size 1024K, 3 young (3072K), 3 survivors (3072K)
 Metaspace       used 9717K, capacity 9968K, committed 10112K, reserved 1058816K
  class space    used 983K, capacity 1069K, committed 1152K, reserved 1048576K
}
Event: 2.793 GC heap before
{Heap before GC invocations=1 (full 0):
 garbage-first heap   total 251904K, used 110729K [0x00000000a0000000, 0x0000000100000000)
  region size 1024K, 103 young (105472K), 3 survivors (3072K)
 Metaspace       used 20675K, capacity 21102K, committed 21296K, reserved 1069056K
  class space    used 2466K, capacity 2589K, committed 2688K, reserved 1048576K
}
Event: 2.802 GC heap after
{Heap after GC invocations=2 (full 0):
 garbage-first heap   total 251904K, used 17260K [0x00000000a0000000, 0x0000000100000000)
  region size 1024K, 11 young (11264K), 11 survivors (11264K)
 Metaspace       used 20675K, capacity 21102K, committed 21296K, reserved 1069056K
  class space    used 2466K, capacity 2589K, committed 2688K, reserved 1048576K
}
Event: 3.329 GC heap before
{Heap before GC invocations=3 (full 0):
 garbage-first heap   total 251904K, used 67436K [0x00000000a0000000, 0x0000000100000000)
  region size 1024K, 60 young (61440K), 11 survivors (11264K)
 Metaspace       used 25871K, capacity 26412K, committed 26544K, reserved 1073152K
  class space    used 3311K, capacity 3517K, committed 3584K, reserved 1048576K
}
Event: 3.334 GC heap after
{Heap after GC invocations=4 (full 0):
 garbage-first heap   total 251904K, used 19173K [0x00000000a0000000, 0x0000000100000000)
  region size 1024K, 3 young (3072K), 3 survivors (3072K)
 Metaspace       used 25871K, capacity 26412K, committed 26544K, reserved 1073152K
  class space    used 3311K, capacity 3517K, committed 3584K, reserved 1048576K
}
Event: 4.248 GC heap before
{Heap before GC invocations=4 (full 0):
 garbage-first heap   total 251904K, used 88805K [0x00000000a0000000, 0x0000000100000000)
  region size 1024K, 72 young (73728K), 3 survivors (3072K)
 Metaspace       used 35006K, capacity 35811K, committed 35920K, reserved 1081344K
  class space    used 4485K, capacity 4825K, committed 4864K, reserved 1048576K
}
Event: 4.256 GC heap after
{Heap after GC invocations=5 (full 0):
 garbage-first heap   total 251904K, used 22147K [0x00000000a0000000, 0x0000000100000000)
  region size 1024K, 6 young (6144K), 6 survivors (6144K)
 Metaspace       used 35006K, capacity 35811K, committed 35920K, reserved 1081344K
  class space    used 4485K, capacity 4825K, committed 4864K, reserved 1048576K
}

Deoptimization events (20 events):
Event: 4.470 Thread 0x000001acc32a6800 Uncommon trap: trap_request=0xffffffc6 fr.pc=0x000001acb1da48e0 relative=0x0000000000000440
Event: 4.470 Thread 0x000001acc32a6800 Uncommon trap: reason=bimorphic_or_optimized_type_check action=maybe_recompile pc=0x000001acb1da48e0 method=java.util.stream.ReferencePipeline.forEachWithCancel(Ljava/util/Spliterator;Ljava/util/stream/Sink;)Z @ 13 c2
Event: 4.470 Thread 0x000001acc32a6800 DEOPT PACKING pc=0x000001acb1da48e0 sp=0x0000005687cf89f0
Event: 4.470 Thread 0x000001acc32a6800 DEOPT UNPACKING pc=0x000001acaa0ea1af sp=0x0000005687cf8988 mode 2
Event: 4.470 Thread 0x000001acc32a6800 Uncommon trap: trap_request=0xffffffc6 fr.pc=0x000001acb1da48e0 relative=0x0000000000000440
Event: 4.470 Thread 0x000001acc32a6800 Uncommon trap: reason=bimorphic_or_optimized_type_check action=maybe_recompile pc=0x000001acb1da48e0 method=java.util.stream.ReferencePipeline.forEachWithCancel(Ljava/util/Spliterator;Ljava/util/stream/Sink;)Z @ 13 c2
Event: 4.470 Thread 0x000001acc32a6800 DEOPT PACKING pc=0x000001acb1da48e0 sp=0x0000005687cf89f0
Event: 4.470 Thread 0x000001acc32a6800 DEOPT UNPACKING pc=0x000001acaa0ea1af sp=0x0000005687cf8988 mode 2
Event: 4.470 Thread 0x000001acc32a6800 Uncommon trap: trap_request=0xffffffc6 fr.pc=0x000001acb1da48e0 relative=0x0000000000000440
Event: 4.470 Thread 0x000001acc32a6800 Uncommon trap: reason=bimorphic_or_optimized_type_check action=maybe_recompile pc=0x000001acb1da48e0 method=java.util.stream.ReferencePipeline.forEachWithCancel(Ljava/util/Spliterator;Ljava/util/stream/Sink;)Z @ 13 c2
Event: 4.470 Thread 0x000001acc32a6800 DEOPT PACKING pc=0x000001acb1da48e0 sp=0x0000005687cf89f0
Event: 4.470 Thread 0x000001acc32a6800 DEOPT UNPACKING pc=0x000001acaa0ea1af sp=0x0000005687cf8988 mode 2
Event: 4.542 Thread 0x000001acc3895800 Uncommon trap: trap_request=0xffffffde fr.pc=0x000001acb1dd4dfc relative=0x00000000000004fc
Event: 4.542 Thread 0x000001acc3895800 Uncommon trap: reason=class_check action=maybe_recompile pc=0x000001acb1dd4dfc method=java.util.stream.ReferencePipeline.forEachWithCancel(Ljava/util/Spliterator;Ljava/util/stream/Sink;)Z @ 1 c2
Event: 4.542 Thread 0x000001acc3895800 DEOPT PACKING pc=0x000001acb1dd4dfc sp=0x00000056878fef40
Event: 4.542 Thread 0x000001acc3895800 DEOPT UNPACKING pc=0x000001acaa0ea1af sp=0x00000056878feee0 mode 2
Event: 4.552 Thread 0x000001acc32a6800 Uncommon trap: trap_request=0xffffffbe fr.pc=0x000001acb1dc8e78 relative=0x0000000000003bd8
Event: 4.552 Thread 0x000001acc32a6800 Uncommon trap: reason=profile_predicate action=maybe_recompile pc=0x000001acb1dc8e78 method=java.util.AbstractCollection.addAll(Ljava/util/Collection;)Z @ 15 c2
Event: 4.552 Thread 0x000001acc32a6800 DEOPT PACKING pc=0x000001acb1dc8e78 sp=0x0000005687cfa240
Event: 4.552 Thread 0x000001acc32a6800 DEOPT UNPACKING pc=0x000001acaa0ea1af sp=0x0000005687cfa248 mode 2

Classes redefined (0 events):
No events

Internal exceptions (20 events):
Event: 3.826 Thread 0x000001acc32a6800 Exception <a 'java/lang/IncompatibleClassChangeError'{0x00000000ac974b58}: Found class java.lang.Object, but interface was expected> (0x00000000ac974b58) thrown at [./src/hotspot/share/interpreter/linkResolver.cpp, line 839]
Event: 4.062 Thread 0x000001acc32a6800 Exception <a 'java/lang/NoSuchMethodError'{0x00000000ab4fe7e0}: 'void java.lang.invoke.DirectMethodHandle$Holder.invokeStaticInit(java.lang.Object, java.lang.Object, java.lang.Object)'> (0x00000000ab4fe7e0) thrown at [./src/hotspot/share/interpreter/linkResolver.cpp, line 773]
Event: 4.063 Thread 0x000001acc32a6800 Exception <a 'java/lang/NoSuchMethodError'{0x00000000ab305f20}: 'void java.lang.invoke.DirectMethodHandle$Holder.invokeStaticInit(java.lang.Object, java.lang.Object, java.lang.Object, java.lang.Object)'> (0x00000000ab305f20) thrown at [./src/hotspot/share/interpreter/linkResolver.cpp, line 773]
Event: 4.067 Thread 0x000001acc32a6800 Exception <a 'java/lang/NoSuchMethodError'{0x00000000ab328658}: 'void java.lang.invoke.DirectMethodHandle$Holder.invokeStaticInit(java.lang.Object, java.lang.Object, java.lang.Object, java.lang.Object, java.lang.Object)'> (0x00000000ab328658) thrown at [./src/hotspot/share/interpreter/linkResolver.cpp, line 773]
Event: 4.099 Thread 0x000001acc32a6800 Exception <a 'java/lang/NoSuchMethodError'{0x00000000ab387170}: 'int java.lang.invoke.DirectMethodHandle$Holder.invokeStaticInit(java.lang.Object, java.lang.Object, java.lang.Object, java.lang.Object)'> (0x00000000ab387170) thrown at [./src/hotspot/share/interpreter/linkResolver.cpp, line 773]
Event: 4.307 Thread 0x000001acc32a6800 Exception <a 'java/lang/NoSuchMethodError'{0x00000000af343300}: 'java.lang.Object java.lang.invoke.DirectMethodHandle$Holder.invokeStatic(java.lang.Object, java.lang.Object, java.lang.Object, java.lang.Object, java.lang.Object, java.lang.Object, java.lang.Object, java.lang.Object, java.lang.Object, java.lang.Object, java.lang.Object, int)'> (0x00000000af343300) thrown at [./src/hotspot/share/interpreter/linkResolver.cpp, line 773]
Event: 4.309 Thread 0x000001acc32a6800 Exception <a 'java/lang/NoSuchMethodError'{0x00000000af361ca0}: 'java.lang.Object java.lang.invoke.DirectMethodHandle$Holder.invokeStatic(java.lang.Object, java.lang.Object, java.lang.Object, java.lang.Object, java.lang.Object, java.lang.Object, java.lang.Object, java.lang.Object, java.lang.Object, java.lang.Object, java.lang.Object, int, int)'> (0x00000000af361ca0) thrown at [./src/hotspot/share/interpreter/linkResolver.cpp, line 773]
Event: 4.311 Thread 0x000001acc32a6800 Exception <a 'java/lang/NoSuchMethodError'{0x00000000af3824c8}: 'java.lang.Object java.lang.invoke.DirectMethodHandle$Holder.invokeStatic(java.lang.Object, java.lang.Object, java.lang.Object, java.lang.Object, java.lang.Object, java.lang.Object, java.lang.Object, java.lang.Object, java.lang.Object, java.lang.Object, java.lang.Object, int, int, java.lang.Object)'> (0x00000000af3824c8) thrown at [./src/hotspot/share/interpreter/linkResolver.cpp, line 773]
Event: 4.313 Thread 0x000001acc32a6800 Exception <a 'java/lang/NoSuchMethodError'{0x00000000af3a35c0}: 'java.lang.Object java.lang.invoke.DirectMethodHandle$Holder.invokeStatic(java.lang.Object, java.lang.Object, java.lang.Object, java.lang.Object, java.lang.Object, java.lang.Object, java.lang.Object, java.lang.Object, java.lang.Object, java.lang.Object, java.lang.Object, int, int, java.lang.Object, java.lang.Object)'> (0x00000000af3a35c0) thrown at [./src/hotspot/share/interpreter/linkResolver.cpp, line 773]
Event: 4.316 Thread 0x000001acc32a6800 Exception <a 'java/lang/ClassNotFoundException'{0x00000000af3d39a8}: groovy/lang/ExpandoMetaClassBeanInfo> (0x00000000af3d39a8) thrown at [./src/hotspot/share/classfile/systemDictionary.cpp, line 231]
Event: 4.317 Thread 0x000001acc32a6800 Exception <a 'java/lang/ClassNotFoundException'{0x00000000af3f4210}: groovy/lang/MetaClassImplBeanInfo> (0x00000000af3f4210) thrown at [./src/hotspot/share/classfile/systemDictionary.cpp, line 231]
Event: 4.317 Thread 0x000001acc32a6800 Exception <a 'java/lang/ClassNotFoundException'{0x00000000af3fd768}: java/lang/ObjectBeanInfo> (0x00000000af3fd768) thrown at [./src/hotspot/share/classfile/systemDictionary.cpp, line 231]
Event: 4.318 Thread 0x000001acc32a6800 Exception <a 'java/lang/ClassNotFoundException'{0x00000000af2095e0}: java/lang/ObjectCustomizer> (0x00000000af2095e0) thrown at [./src/hotspot/share/classfile/systemDictionary.cpp, line 231]
Event: 4.325 Thread 0x000001acc32a6800 Exception <a 'java/lang/ClassNotFoundException'{0x00000000af230cd8}: groovy/lang/MetaClassImplCustomizer> (0x00000000af230cd8) thrown at [./src/hotspot/share/classfile/systemDictionary.cpp, line 231]
Event: 4.328 Thread 0x000001acc32a6800 Exception <a 'java/lang/ClassNotFoundException'{0x00000000af270f98}: groovy/lang/ExpandoMetaClassCustomizer> (0x00000000af270f98) thrown at [./src/hotspot/share/classfile/systemDictionary.cpp, line 231]
Event: 4.548 Thread 0x000001acc32a6800 Exception <a 'java/lang/ClassNotFoundException'{0x00000000ad81b0b8}: org/gradle/internal/extensibility/DefaultExtraPropertiesExtensionBeanInfo> (0x00000000ad81b0b8) thrown at [./src/hotspot/share/classfile/systemDictionary.cpp, line 231]
Event: 4.548 Thread 0x000001acc32a6800 Exception <a 'java/lang/ClassNotFoundException'{0x00000000ad83cc30}: groovy/lang/GroovyObjectSupportBeanInfo> (0x00000000ad83cc30) thrown at [./src/hotspot/share/classfile/systemDictionary.cpp, line 231]
Event: 4.549 Thread 0x000001acc32a6800 Exception <a 'java/lang/ClassNotFoundException'{0x00000000ad85e7f0}: groovy/lang/GroovyObjectSupportCustomizer> (0x00000000ad85e7f0) thrown at [./src/hotspot/share/classfile/systemDictionary.cpp, line 231]
Event: 4.551 Thread 0x000001acc32a6800 Exception <a 'java/lang/ClassNotFoundException'{0x00000000ad886f40}: org/gradle/internal/extensibility/DefaultExtraPropertiesExtensionCustomizer> (0x00000000ad886f40) thrown at [./src/hotspot/share/classfile/systemDictionary.cpp, line 231]
Event: 4.612 Thread 0x000001acc32a6800 Exception <a 'java/lang/NoSuchMethodError'{0x00000000ad6bf3f0}: 'java.lang.Object java.lang.invoke.Invokers$Holder.linkToTargetMethod(java.lang.Object, long, java.lang.Object)'> (0x00000000ad6bf3f0) thrown at [./src/hotspot/share/interpreter/linkResolver.cpp, line 773]

Events (20 events):
Event: 4.633 loading class org/gradle/cache/internal/btree/ByteInput$ResettableBufferedInputStream
Event: 4.633 loading class org/gradle/cache/internal/btree/ByteInput$ResettableBufferedInputStream done
Event: 4.633 Executing VM operation: Deoptimize
Event: 4.634 Executing VM operation: Deoptimize done
Event: 4.634 loading class com/google/common/io/CountingInputStream
Event: 4.634 loading class com/google/common/io/CountingInputStream done
Event: 4.634 loading class org/gradle/cache/internal/btree/BlockPointer
Event: 4.634 loading class org/gradle/cache/internal/btree/BlockPointer done
Event: 4.636 loading class com/google/common/primitives/Longs
Event: 4.636 loading class com/google/common/primitives/Longs done
Event: 4.637 loading class com/google/common/primitives/Longs$LongConverter
Event: 4.637 loading class com/google/common/primitives/Longs$LongConverter done
Event: 4.638 loading class org/gradle/cache/internal/btree/BTreePersistentIndexedCache$IndexRoot
Event: 4.638 loading class org/gradle/cache/internal/btree/BTreePersistentIndexedCache$IndexRoot done
Event: 4.639 loading class org/gradle/cache/internal/btree/BTreePersistentIndexedCache
Event: 4.639 loading class org/gradle/cache/internal/btree/BTreePersistentIndexedCache done
Event: 4.639 loading class org/gradle/cache/internal/btree/BTreePersistentIndexedCache
Event: 4.639 loading class org/gradle/cache/internal/btree/BTreePersistentIndexedCache done
Event: 4.640 loading class org/gradle/cache/internal/btree/BTreePersistentIndexedCache$IndexEntry
Event: 4.640 loading class org/gradle/cache/internal/btree/BTreePersistentIndexedCache$IndexEntry done


Dynamic libraries:
0x00007ff66d430000 - 0x00007ff66d43a000 	C:\Program Files\Android\Android Studio\jre\bin\java.exe
0x00007ffb34150000 - 0x00007ffb34364000 	C:\WINDOWS\SYSTEM32\ntdll.dll
0x00007ffb33a20000 - 0x00007ffb33ae4000 	C:\WINDOWS\System32\KERNEL32.DLL
0x00007ffb31790000 - 0x00007ffb31b34000 	C:\WINDOWS\System32\KERNELBASE.dll
0x00007ffb31cd0000 - 0x00007ffb31de1000 	C:\WINDOWS\System32\ucrtbase.dll
0x00007ffb0b910000 - 0x00007ffb0b927000 	C:\Program Files\Android\Android Studio\jre\bin\VCRUNTIME140.dll
0x00007ffb152b0000 - 0x00007ffb152c9000 	C:\Program Files\Android\Android Studio\jre\bin\jli.dll
0x00007ffb33d10000 - 0x00007ffb33eba000 	C:\WINDOWS\System32\USER32.dll
0x00007ffb31be0000 - 0x00007ffb31c06000 	C:\WINDOWS\System32\win32u.dll
0x00007ffb162f0000 - 0x00007ffb1657f000 	C:\WINDOWS\WinSxS\amd64_microsoft.windows.common-controls_6595b64144ccf1df_6.0.22621.2070_none_2713e6537381f706\COMCTL32.dll
0x00007ffb31f10000 - 0x00007ffb31f39000 	C:\WINDOWS\System32\GDI32.dll
0x00007ffb333c0000 - 0x00007ffb33467000 	C:\WINDOWS\System32\msvcrt.dll
0x00007ffb31df0000 - 0x00007ffb31f09000 	C:\WINDOWS\System32\gdi32full.dll
0x00007ffb31b40000 - 0x00007ffb31bda000 	C:\WINDOWS\System32\msvcp_win.dll
0x00007ffb33300000 - 0x00007ffb33331000 	C:\WINDOWS\System32\IMM32.DLL
0x00007ffaf3fb0000 - 0x00007ffaf404d000 	C:\Program Files\Android\Android Studio\jre\bin\msvcp140.dll
0x00007ffad9870000 - 0x00007ffada372000 	C:\Program Files\Android\Android Studio\jre\bin\server\jvm.dll
0x00007ffb34060000 - 0x00007ffb34110000 	C:\WINDOWS\System32\ADVAPI32.dll
0x00007ffb33970000 - 0x00007ffb33a16000 	C:\WINDOWS\System32\sechost.dll
0x00007ffb325f0000 - 0x00007ffb32707000 	C:\WINDOWS\System32\RPCRT4.dll
0x00007ffb33500000 - 0x00007ffb33508000 	C:\WINDOWS\System32\PSAPI.DLL
0x00007ffafadc0000 - 0x00007ffafadc9000 	C:\WINDOWS\SYSTEM32\WSOCK32.dll
0x00007ffb298f0000 - 0x00007ffb29924000 	C:\WINDOWS\SYSTEM32\WINMM.dll
0x00007ffb33510000 - 0x00007ffb33581000 	C:\WINDOWS\System32\WS2_32.dll
0x00007ffb27d30000 - 0x00007ffb27d3a000 	C:\WINDOWS\SYSTEM32\VERSION.dll
0x00007ffb304e0000 - 0x00007ffb304f8000 	C:\WINDOWS\SYSTEM32\kernel.appcore.dll
0x00007ffafe240000 - 0x00007ffafe251000 	C:\Program Files\Android\Android Studio\jre\bin\verify.dll
0x00007ffb1f3c0000 - 0x00007ffb1f5ee000 	C:\WINDOWS\SYSTEM32\DBGHELP.DLL
0x00007ffb335e0000 - 0x00007ffb3396a000 	C:\WINDOWS\System32\combase.dll
0x00007ffb33bb0000 - 0x00007ffb33c87000 	C:\WINDOWS\System32\OLEAUT32.dll
0x00007ffb091e0000 - 0x00007ffb09212000 	C:\WINDOWS\SYSTEM32\dbgcore.DLL
0x00007ffb31710000 - 0x00007ffb3178a000 	C:\WINDOWS\System32\bcryptPrimitives.dll
0x00007ffaf7bc0000 - 0x00007ffaf7be9000 	C:\Program Files\Android\Android Studio\jre\bin\java.dll
0x00007ffb0ec00000 - 0x00007ffb0ec0b000 	C:\Program Files\Android\Android Studio\jre\bin\jimage.dll
0x00007ffafdee0000 - 0x00007ffafdef8000 	C:\Program Files\Android\Android Studio\jre\bin\zip.dll
0x00007ffb329a0000 - 0x00007ffb331b6000 	C:\WINDOWS\System32\SHELL32.dll
0x00007ffb2f4b0000 - 0x00007ffb2fd9a000 	C:\WINDOWS\SYSTEM32\windows.storage.dll
0x00007ffb2f370000 - 0x00007ffb2f4ae000 	C:\WINDOWS\SYSTEM32\wintypes.dll
0x00007ffb32050000 - 0x00007ffb32143000 	C:\WINDOWS\System32\SHCORE.dll
0x00007ffb33b50000 - 0x00007ffb33bae000 	C:\WINDOWS\System32\shlwapi.dll
0x00007ffb31460000 - 0x00007ffb31486000 	C:\WINDOWS\SYSTEM32\profapi.dll
0x00007ffaf7b30000 - 0x00007ffaf7b4a000 	C:\Program Files\Android\Android Studio\jre\bin\net.dll
0x00007ffb2a880000 - 0x00007ffb2a9b7000 	C:\WINDOWS\SYSTEM32\WINHTTP.dll
0x00007ffb309b0000 - 0x00007ffb30a19000 	C:\WINDOWS\system32\mswsock.dll
0x00007ffaf7540000 - 0x00007ffaf7554000 	C:\Program Files\Android\Android Studio\jre\bin\nio.dll
0x00007ffaffba0000 - 0x00007ffaffbc7000 	C:\Users\ardir\.gradle\native\e1d6ef7f7dcc3fd88c89a11ec53ec762bb8ba0a96d01ffa2cd45eb1d1d8dd5c5\windows-amd64\native-platform.dll
0x00007ffaeb6a0000 - 0x00007ffaeb7e4000 	C:\Users\ardir\.gradle\native\0d407fdbe67a94daf76414ababcb853783967236a71b16ec16e742cd7a986fd3\windows-amd64\native-platform-file-events.dll
0x00007ffb0e850000 - 0x00007ffb0e85a000 	C:\Program Files\Android\Android Studio\jre\bin\management.dll
0x00007ffb0e2d0000 - 0x00007ffb0e2dd000 	C:\Program Files\Android\Android Studio\jre\bin\management_ext.dll
0x00007ffb30c30000 - 0x00007ffb30c4b000 	C:\WINDOWS\SYSTEM32\CRYPTSP.dll
0x00007ffb304a0000 - 0x00007ffb304d5000 	C:\WINDOWS\system32\rsaenh.dll
0x00007ffb30a80000 - 0x00007ffb30aac000 	C:\WINDOWS\SYSTEM32\USERENV.dll
0x00007ffb30e00000 - 0x00007ffb30e28000 	C:\WINDOWS\SYSTEM32\bcrypt.dll
0x00007ffb30c20000 - 0x00007ffb30c2c000 	C:\WINDOWS\SYSTEM32\CRYPTBASE.dll
0x00007ffb30000000 - 0x00007ffb3002d000 	C:\WINDOWS\SYSTEM32\IPHLPAPI.DLL
0x00007ffb33340000 - 0x00007ffb33349000 	C:\WINDOWS\System32\NSI.dll
0x00007ffb2a860000 - 0x00007ffb2a879000 	C:\WINDOWS\SYSTEM32\dhcpcsvc6.DLL
0x00007ffb2a640000 - 0x00007ffb2a65f000 	C:\WINDOWS\SYSTEM32\dhcpcsvc.DLL
0x00007ffb30070000 - 0x00007ffb30163000 	C:\WINDOWS\SYSTEM32\DNSAPI.dll

dbghelp: loaded successfully - version: 4.0.5 - missing functions: none
symbol engine: initialized successfully - sym options: 0x614 - pdb path: .;C:\Program Files\Android\Android Studio\jre\bin;C:\WINDOWS\SYSTEM32;C:\WINDOWS\WinSxS\amd64_microsoft.windows.common-controls_6595b64144ccf1df_6.0.22621.2070_none_2713e6537381f706;C:\Program Files\Android\Android Studio\jre\bin\server;C:\Users\ardir\.gradle\native\e1d6ef7f7dcc3fd88c89a11ec53ec762bb8ba0a96d01ffa2cd45eb1d1d8dd5c5\windows-amd64;C:\Users\ardir\.gradle\native\0d407fdbe67a94daf76414ababcb853783967236a71b16ec16e742cd7a986fd3\windows-amd64

VM Arguments:
jvm_args: --add-opens=java.base/java.util=ALL-UNNAMED --add-opens=java.base/java.lang=ALL-UNNAMED --add-opens=java.base/java.lang.invoke=ALL-UNNAMED --add-opens=java.base/java.util=ALL-UNNAMED --add-opens=java.prefs/java.util.prefs=ALL-UNNAMED --add-opens=java.prefs/java.util.prefs=ALL-UNNAMED --add-opens=java.base/java.nio.charset=ALL-UNNAMED --add-opens=java.base/java.net=ALL-UNNAMED --add-opens=java.base/java.util.concurrent.atomic=ALL-UNNAMED -Xmx1536M -Dfile.encoding=windows-1252 -Duser.country=US -Duser.language=en -Duser.variant 
java_command: org.gradle.launcher.daemon.bootstrap.GradleDaemon 7.5
java_class_path (initial): C:\Users\ardir\.gradle\wrapper\dists\gradle-7.5-all\6qsw290k5lz422uaf8jf6m7co\gradle-7.5\lib\gradle-launcher-7.5.jar
Launcher Type: SUN_STANDARD

[Global flags]
     intx CICompilerCount                          = 12                                        {product} {ergonomic}
     uint ConcGCThreads                            = 3                                         {product} {ergonomic}
     uint G1ConcRefinementThreads                  = 13                                        {product} {ergonomic}
   size_t G1HeapRegionSize                         = 1048576                                   {product} {ergonomic}
    uintx GCDrainStackTargetSize                   = 64                                        {product} {ergonomic}
   size_t InitialHeapSize                          = 257949696                                 {product} {ergonomic}
   size_t MarkStackSize                            = 4194304                                   {product} {ergonomic}
   size_t MaxHeapSize                              = 1610612736                                {product} {command line}
   size_t MaxNewSize                               = 965738496                                 {product} {ergonomic}
   size_t MinHeapDeltaBytes                        = 1048576                                   {product} {ergonomic}
    uintx NonNMethodCodeHeapSize                   = 7594288                                {pd product} {ergonomic}
    uintx NonProfiledCodeHeapSize                  = 122031976                              {pd product} {ergonomic}
    uintx ProfiledCodeHeapSize                     = 122031976                              {pd product} {ergonomic}
    uintx ReservedCodeCacheSize                    = 251658240                              {pd product} {ergonomic}
     bool SegmentedCodeCache                       = true                                      {product} {ergonomic}
     bool UseCompressedClassPointers               = true                                 {lp64_product} {ergonomic}
     bool UseCompressedOops                        = true                                 {lp64_product} {ergonomic}
     bool UseG1GC                                  = true                                      {product} {ergonomic}
     bool UseLargePagesIndividualAllocation        = false                                  {pd product} {ergonomic}

Logging:
Log output configuration:
 #0: stdout all=warning uptime,level,tags
 #1: stderr all=off uptime,level,tags

Environment Variables:
JAVA_HOME=C:\Program Files\Android\Android Studio\jre
CLASSPATH=C:\Daily\dev\Pribadi\Lokadata.id\assessment_mobile\android\\gradle\wrapper\gradle-wrapper.jar
PATH=C:\Program Files\Android\Android Studio\jre\bin;C:\Program Files\Common Files\Oracle\Java\javapath;C:\Program Files\ImageMagick-7.1.0-Q16-HDRI;C:\Program Files\Eclipse Adoptium\jdk-11.0.17.8-hotspot\bin;C:\Program Files (x86)\Common Files\Oracle\Java\javapath;C:\ProgramData\Oracle\Java\javapath;C:\Program Files\Eclipse Adoptium\jdk-17.0.4.101-hotspot\bin;C:\windows\system32;C:\windows;C:\windows\System32\Wbem;C:\windows\System32\WindowsPowerShell\v1.0\;C:\windows\System32\OpenSSH\;C:\Program Files (x86)\NVIDIA Corporation\PhysX\Common;C:\Program Files\Git\bin;C:\Program Files\Git\cmd;C:\ProgramData\ComposerSetup\bin;C:\WINDOWS\system32;C:\WINDOWS;C:\WINDOWS\System32\Wbem;C:\WINDOWS\System32\WindowsPowerShell\v1.0\;C:\WINDOWS\System32\OpenSSH\;C:\platform-tools;C:\Program Files\PuTTY\;C:\Users\ardir\AppData\Roaming\nvm;C:\Program Files\nodejs;C:\Program Files\MATLAB\R2013a\runtime\win64;C:\Program Files\MATLAB\R2013a\bin;C:\ProgramData\chocolatey\bin;C:\Program Files\nodejs\;C:\ngrok;C:\xampp-php8\php;C:\Program Files\nodejs;C:\xampp-php8\mysql\bin;C:\Program Files\Docker\Docker\resources\bin;C:\Program Files\PostgreSQL\15\bin;C:\Program Files\PostgreSQL\15\lib;C:\Program Files\Go\bin;C:\Users\ardir\AppData\Local\Android\Sdk\platform-tools;C:\Users\ardir\AppData\Local\Android\Sdk\tools;C:\Users\ardir\AppData\Local\Programs\Python\Python310\Scripts\;C:\Users\ardir\AppData\Local\Programs\Python\Python310\;C:\Users\ardir\AppData\Local\Microsoft\WindowsApps;C:\Users\ardir\AppData\Local\Programs\Microsoft VS Code\bin;C:\Users\ardir\AppData\Roaming\Composer\vendor\bin;C:\src\flutter\bin;C:\Users\ardir\AppData\Roaming\npm;C:\Users\ardir\go\bin
USERNAME=ardir
OS=Windows_NT
PROCESSOR_IDENTIFIER=AMD64 Family 25 Model 80 Stepping 0, AuthenticAMD



---------------  S Y S T E M  ---------------

OS: Windows 11 , 64 bit Build 22621 (10.0.22621.2070)
OS uptime: 6 days 12:02 hours
Hyper-V role detected

CPU:total 16 (initial active 16) (16 cores per cpu, 2 threads per core) family 25 model 80 stepping 0 microcode 0x0, cmov, cx8, fxsr, mmx, sse, sse2, sse3, ssse3, sse4.1, sse4.2, popcnt, avx, avx2, aes, clmul, erms, mmxext, 3dnowpref, lzcnt, sse4a, ht, tsc, tscinvbit, tscinv, bmi1, bmi2, adx, sha, fma

Memory: 4k page, system-wide physical 15713M (1150M free)
TotalPageFile size 30989M (AvailPageFile size 0M)
current process WorkingSet (physical memory assigned to process): 299M, peak: 303M
current process commit charge ("private bytes"): 462M, peak: 467M

vm_info: OpenJDK 64-Bit Server VM (11.0.13+0-b1751.21-8125866) for windows-amd64 JRE (11.0.13+0-b1751.21-8125866), built on Feb  2 2022 03:00:22 by "builder" with MS VC++ 14.0 (VS2015)

END.
